<?xml version="1.0" encoding="UTF-8"?>
<!-- Generated by org.testng.reporters.JUnitReportReporter -->
<testsuite hostname="DESKTOP-E9GH2O5" failures="0" tests="9" name="tests.Login" time="107.531" errors="0" timestamp="2025-04-16T16:55:41 IST" skipped="0">
  <testcase classname="tests.Login" name="verifyLoginWithValidCredentials" time="12.630"/>
  <testcase classname="tests.Login" name="verifyLoginWithValidCredentials" time="12.566"/>
  <testcase classname="tests.Login" name="verifyLoginWithValidCredentials" time="12.236"/>
  <testcase classname="tests.Login" name="verifyLoginWithValidCredentials" time="9.825"/>
  <testcase classname="tests.Login" name="verifyLoginWithValidCredentials" time="11.082"/>
  <testcase classname="tests.Login" name="verifyLoginWithInvalidEmailAndPassword" time="12.324"/>
  <testcase classname="tests.Login" name="verifyLoginWithInvalidEmailAndValidPassword" time="11.213"/>
  <testcase classname="tests.Login" name="verifyLoginWithValidEmailAndINValidPassword" time="12.004"/>
  <testcase classname="tests.Login" name="verifyLoginWithoutCredentials" time="13.651"/>
</testsuite> <!-- tests.Login -->
