<?xml version="1.0" encoding="UTF-8"?>
<!-- Generated by org.testng.reporters.JUnitReportReporter -->
<testsuite hostname="DESKTOP-E9GH2O5" failures="0" tests="4" name="tests.Register" time="59.909" errors="0" timestamp="2025-04-16T16:55:41 IST" skipped="0">
  <testcase classname="tests.Register" name="verifyRegisteringUsingMandatoryfields" time="15.144"/>
  <testcase classname="tests.Register" name="verifyRegisteringUsingAllfields" time="13.906"/>
  <testcase classname="tests.Register" name="verifyRegisteringAccountSelectingByYesNewsLettersOptions" time="16.978"/>
  <testcase classname="tests.Register" name="verifyRegisteringAccountSelectingByNoNewsLettersOptions" time="13.881"/>
</testsuite> <!-- tests.Register -->
