<?xml version="1.0" encoding="UTF-8"?>
<!-- Generated by org.testng.reporters.JUnitReportReporter -->
<testsuite hostname="DESKTOP-E9GH2O5" failures="0" tests="4" name="tests.RegisterTest" time="59.634" errors="0" timestamp="2025-04-16T21:48:57 IST" skipped="0">
  <testcase classname="tests.RegisterTest" name="verifyRegisteringUsingMandatoryfields" time="13.779"/>
  <testcase classname="tests.RegisterTest" name="verifyRegisteringUsingAllfields" time="14.597"/>
  <testcase classname="tests.RegisterTest" name="verifyRegisteringAccountSelectingByYesNewsLettersOptions" time="16.674"/>
  <testcase classname="tests.RegisterTest" name="verifyRegisteringAccountSelectingByNoNewsLettersOptions" time="14.584"/>
</testsuite> <!-- tests.RegisterTest -->
